2025-06-10 18:40:21,835 [INFO] [MainThread] [root/log.py:59]: YASB v1.7.5
2025-06-10 18:40:21,837 [INFO] [Thread-1 (_run_server)] [cli_server/cli_server.py:212]: CLI server started v1.1.1
2025-06-10 18:40:21,837 [INFO] [MainThread] [cli_server/cli_server.py:104]: Log pipe server started
2025-06-10 18:40:21,981 [INFO] [MainThread] [root/config.py:61]: Created default config file at C:\Users\ACER\.config\yasb\config.yaml
2025-06-10 18:40:22,029 [INFO] [MainThread] [root/config.py:75]: Created default stylesheet at C:\Users\ACER\.config\yasb\styles.css
2025-06-10 18:40:23,215 [DEBUG] [MainThread] [tzlocal/win32.py:55]: Looking up time zone info from registry
2025-06-10 18:40:27,756 [ERROR] [MainThread] [root/weather.py:168]: API key or location is missing. Please provide a valid API key and location.
2025-06-10 18:40:27,816 [DEBUG] [MainThread] [comtypes/__init__.py:149]: CoInitializeEx(None, 2)
2025-06-10 18:40:29,789 [INFO] [MainThread] [root/bar_manager.py:67]: Starting KomorebiEventListener...
2025-06-10 18:40:29,789 [INFO] [MainThread] [root/bar_manager.py:67]: Starting SystemEventListener...
2025-06-10 18:40:29,791 [INFO] [MainThread] [root/bar_manager.py:67]: Starting WindowsNotificationEventListener...
2025-06-10 18:40:29,791 [INFO] [Dummy-3] [root/event_listener.py:53]: Created named pipe yasb-540596e2-45e7-11f0-9361-bf687de2f666
2025-06-10 18:40:29,792 [INFO] [MainThread] [root/watcher.py:55]: Created file watcher for path C:\Users\ACER\.config\yasb
2025-06-10 18:40:29,925 [INFO] [Dummy-3] [root/event_listener.py:127]: Komorebi connected to named pipe: yasb-540596e2-45e7-11f0-9361-bf687de2f666
2025-06-10 18:40:29,936 [DEBUG] [MainThread] [qasync._windows._EventPoller/_windows.py:213]: Starting (proactor: <_IocpProactor overlapped#=0 result#=0>)...
2025-06-10 18:40:29,938 [DEBUG] [Dummy-8] [qasync._windows._EventWorker/_windows.py:192]: Thread started
2025-06-10 18:41:09,199 [ERROR] [MainThread] [root/config.py:119]: The file 'C:\Users\ACER\.config\yasb\config.yaml' contains Parser Error(s). Please fix:
while parsing a block mapping
  in "C:\Users\ACER\.config\yasb\config.yaml", line 82, column 7
expected <block end>, but found '}'
  in "C:\Users\ACER\.config\yasb\config.yaml", line 96, column 7
2025-06-10 18:41:18,661 [INFO] [MainThread] [root/controller.py:13]: Reloading Application from tray...
2025-06-10 18:41:18,765 [INFO] [MainThread] [cli_server/cli_server.py:112]: Log pipe server stopped
2025-06-10 18:41:18,765 [DEBUG] [MainThread] [cli_server/cli_server.py:206]: CLI server stopped
2025-06-10 18:41:18,788 [DEBUG] [MainThread] [qasync._windows._EventPoller/_windows.py:218]: Stopping worker thread...
2025-06-10 18:41:18,796 [DEBUG] [Dummy-8] [qasync._windows._EventWorker/_windows.py:201]: Exiting thread
2025-06-10 18:41:18,798 [DEBUG] [MainThread] [qasync._windows._IocpProactor/_windows.py:75]: Closing
2025-06-10 18:41:18,842 [ERROR] [Dummy-10] [root/event_service.py:30]: Failed to emit signal <bound PYQT_SIGNAL window_name_change of ActiveWindowWidget object at 0x000001ECF8DE7250>. Removing link to WinEvent.EventObjectNameChange.
2025-06-10 18:41:18,847 [ERROR] [Dummy-3] [root/event_service.py:30]: Failed to emit signal <bound PYQT_SIGNAL k_signal_update of WorkspaceWidget object at 0x000001ECF8B896D0>. Removing link to KomorebiEvent.KomorebiUpdate.
2025-06-10 18:41:19,954 [INFO] [MainThread] [root/log.py:59]: YASB v1.7.5
2025-06-10 18:41:19,954 [INFO] [Thread-1 (_run_server)] [cli_server/cli_server.py:212]: CLI server started v1.1.1
2025-06-10 18:41:19,955 [INFO] [MainThread] [cli_server/cli_server.py:104]: Log pipe server started
2025-06-10 18:41:19,992 [ERROR] [MainThread] [root/config.py:119]: The file 'C:\Users\ACER\.config\yasb\config.yaml' contains Parser Error(s). Please fix:
while parsing a block mapping
  in "C:\Users\ACER\.config\yasb\config.yaml", line 82, column 7
expected <block end>, but found '}'
  in "C:\Users\ACER\.config\yasb\config.yaml", line 96, column 7
2025-06-10 18:41:19,994 [ERROR] [MainThread] [root/config.py:162]: User config file could not be loaded. Exiting Application.
2025-06-10 18:42:11,283 [INFO] [MainThread] [root/log.py:59]: YASB v1.7.5
2025-06-10 18:42:11,284 [INFO] [Thread-1 (_run_server)] [cli_server/cli_server.py:212]: CLI server started v1.1.1
2025-06-10 18:42:11,285 [INFO] [MainThread] [cli_server/cli_server.py:104]: Log pipe server started
2025-06-10 18:42:11,315 [ERROR] [MainThread] [root/config.py:119]: The file 'C:\Users\ACER\.config\yasb\config.yaml' contains Parser Error(s). Please fix:
while parsing a block mapping
  in "C:\Users\ACER\.config\yasb\config.yaml", line 82, column 7
expected <block end>, but found '}'
  in "C:\Users\ACER\.config\yasb\config.yaml", line 96, column 7
2025-06-10 18:42:11,317 [ERROR] [MainThread] [root/config.py:162]: User config file could not be loaded. Exiting Application.
2025-06-10 18:43:06,724 [INFO] [MainThread] [root/log.py:59]: YASB v1.7.5
2025-06-10 18:43:06,725 [INFO] [Thread-1 (_run_server)] [cli_server/cli_server.py:212]: CLI server started v1.1.1
2025-06-10 18:43:06,726 [INFO] [MainThread] [cli_server/cli_server.py:104]: Log pipe server started
2025-06-10 18:43:06,752 [INFO] [MainThread] [root/config.py:61]: Created default config file at C:\Users\ACER\.config\yasb\config.yaml
2025-06-10 18:43:06,787 [INFO] [MainThread] [root/config.py:75]: Created default stylesheet at C:\Users\ACER\.config\yasb\styles.css
2025-06-10 18:43:06,963 [DEBUG] [MainThread] [tzlocal/win32.py:55]: Looking up time zone info from registry
2025-06-10 18:43:07,144 [ERROR] [MainThread] [root/weather.py:168]: API key or location is missing. Please provide a valid API key and location.
2025-06-10 18:43:07,147 [DEBUG] [MainThread] [comtypes/__init__.py:149]: CoInitializeEx(None, 2)
2025-06-10 18:43:08,452 [INFO] [MainThread] [root/bar_manager.py:67]: Starting SystemEventListener...
2025-06-10 18:43:08,452 [INFO] [MainThread] [root/bar_manager.py:67]: Starting WindowsNotificationEventListener...
2025-06-10 18:43:08,453 [INFO] [MainThread] [root/bar_manager.py:67]: Starting KomorebiEventListener...
2025-06-10 18:43:08,454 [INFO] [MainThread] [root/watcher.py:55]: Created file watcher for path C:\Users\ACER\.config\yasb
2025-06-10 18:43:08,455 [INFO] [Dummy-5] [root/event_listener.py:53]: Created named pipe yasb-b297ef04-45e7-11f0-960a-bf687de2f666
2025-06-10 18:43:08,538 [DEBUG] [MainThread] [qasync._windows._EventPoller/_windows.py:213]: Starting (proactor: <_IocpProactor overlapped#=0 result#=0>)...
2025-06-10 18:43:08,541 [DEBUG] [Dummy-8] [qasync._windows._EventWorker/_windows.py:192]: Thread started
2025-06-10 18:43:08,638 [INFO] [Dummy-5] [root/event_listener.py:127]: Komorebi connected to named pipe: yasb-b297ef04-45e7-11f0-960a-bf687de2f666
2025-06-10 18:43:40,363 [INFO] [MainThread] [root/controller.py:13]: Reloading Application because of config change.
2025-06-10 18:43:40,464 [INFO] [MainThread] [cli_server/cli_server.py:112]: Log pipe server stopped
2025-06-10 18:43:40,465 [DEBUG] [MainThread] [cli_server/cli_server.py:206]: CLI server stopped
2025-06-10 18:43:40,473 [INFO] [MainThread] [root/bar_manager.py:58]: Successfully loaded updated config and re-initialised all bars.
2025-06-10 18:43:40,473 [DEBUG] [MainThread] [qasync._windows._EventPoller/_windows.py:218]: Stopping worker thread...
2025-06-10 18:43:40,479 [DEBUG] [Dummy-8] [qasync._windows._EventWorker/_windows.py:201]: Exiting thread
2025-06-10 18:43:40,480 [DEBUG] [MainThread] [qasync._windows._IocpProactor/_windows.py:75]: Closing
2025-06-10 18:43:43,444 [INFO] [MainThread] [root/log.py:59]: YASB v1.7.5
2025-06-10 18:43:43,444 [INFO] [Thread-1 (_run_server)] [cli_server/cli_server.py:212]: CLI server started v1.1.1
2025-06-10 18:43:43,445 [INFO] [MainThread] [cli_server/cli_server.py:104]: Log pipe server started
2025-06-10 18:43:44,276 [DEBUG] [MainThread] [tzlocal/win32.py:55]: Looking up time zone info from registry
2025-06-10 18:43:47,309 [DEBUG] [MainThread] [comtypes/__init__.py:149]: CoInitializeEx(None, 2)
2025-06-10 18:43:48,828 [INFO] [MainThread] [root/bar_manager.py:67]: Starting KomorebiEventListener...
2025-06-10 18:43:48,828 [INFO] [MainThread] [root/bar_manager.py:67]: Starting SystemEventListener...
2025-06-10 18:43:48,829 [INFO] [MainThread] [root/watcher.py:55]: Created file watcher for path C:\Users\ACER\.config\yasb
2025-06-10 18:43:48,988 [INFO] [Dummy-6] [root/event_listener.py:53]: Created named pipe yasb-caa8827e-45e7-11f0-897b-bf687de2f666
2025-06-10 18:43:49,041 [DEBUG] [MainThread] [qasync._windows._EventPoller/_windows.py:213]: Starting (proactor: <_IocpProactor overlapped#=0 result#=0>)...
2025-06-10 18:43:49,042 [DEBUG] [Dummy-9] [qasync._windows._EventWorker/_windows.py:192]: Thread started
2025-06-10 18:43:49,088 [INFO] [Dummy-6] [root/event_listener.py:127]: Komorebi connected to named pipe: yasb-caa8827e-45e7-11f0-897b-bf687de2f666
2025-06-10 18:43:49,355 [INFO] [MainThread] [root/weather.py:67]: Fetching new weather data at 2025-06-10 18:43:49.355776
2025-06-10 18:44:37,259 [INFO] [MainThread] [root/controller.py:13]: Reloading Application from tray...
2025-06-10 18:44:37,371 [INFO] [MainThread] [cli_server/cli_server.py:112]: Log pipe server stopped
2025-06-10 18:44:37,371 [DEBUG] [MainThread] [cli_server/cli_server.py:206]: CLI server stopped
2025-06-10 18:44:37,415 [DEBUG] [MainThread] [qasync._windows._EventPoller/_windows.py:218]: Stopping worker thread...
2025-06-10 18:44:37,418 [DEBUG] [Dummy-9] [qasync._windows._EventWorker/_windows.py:201]: Exiting thread
2025-06-10 18:44:37,423 [DEBUG] [MainThread] [qasync._windows._IocpProactor/_windows.py:75]: Closing
2025-06-10 18:44:37,482 [ERROR] [Dummy-11] [root/event_service.py:30]: Failed to emit signal <bound PYQT_SIGNAL window_name_change of ActiveWindowWidget object at 0x000001952E643610>. Removing link to WinEvent.EventObjectNameChange.
2025-06-10 18:44:38,488 [INFO] [MainThread] [root/log.py:59]: YASB v1.7.5
2025-06-10 18:44:38,489 [INFO] [Thread-1 (_run_server)] [cli_server/cli_server.py:212]: CLI server started v1.1.1
2025-06-10 18:44:38,489 [INFO] [MainThread] [cli_server/cli_server.py:104]: Log pipe server started
2025-06-10 18:44:38,692 [DEBUG] [MainThread] [tzlocal/win32.py:55]: Looking up time zone info from registry
2025-06-10 18:44:39,118 [DEBUG] [MainThread] [comtypes/__init__.py:149]: CoInitializeEx(None, 2)
2025-06-10 18:44:40,064 [INFO] [MainThread] [root/bar_manager.py:67]: Starting SystemEventListener...
2025-06-10 18:44:40,064 [INFO] [MainThread] [root/bar_manager.py:67]: Starting KomorebiEventListener...
2025-06-10 18:44:40,065 [INFO] [MainThread] [root/watcher.py:55]: Created file watcher for path C:\Users\ACER\.config\yasb
2025-06-10 18:44:40,078 [INFO] [Dummy-6] [root/event_listener.py:53]: Created named pipe yasb-e9328fe0-45e7-11f0-a836-bf687de2f666
2025-06-10 18:44:40,113 [DEBUG] [MainThread] [qasync._windows._EventPoller/_windows.py:213]: Starting (proactor: <_IocpProactor overlapped#=0 result#=0>)...
2025-06-10 18:44:40,113 [DEBUG] [Dummy-9] [qasync._windows._EventWorker/_windows.py:192]: Thread started
2025-06-10 18:44:40,156 [INFO] [Dummy-6] [root/event_listener.py:127]: Komorebi connected to named pipe: yasb-e9328fe0-45e7-11f0-a836-bf687de2f666
2025-06-10 18:44:40,284 [INFO] [MainThread] [root/weather.py:67]: Fetching new weather data at 2025-06-10 18:44:40.284192
2025-06-10 18:45:36,431 [INFO] [MainThread] [root/controller.py:13]: Reloading Application from tray...
2025-06-10 18:45:36,538 [INFO] [MainThread] [cli_server/cli_server.py:112]: Log pipe server stopped
2025-06-10 18:45:36,538 [DEBUG] [MainThread] [cli_server/cli_server.py:206]: CLI server stopped
2025-06-10 18:45:36,569 [DEBUG] [MainThread] [qasync._windows._EventPoller/_windows.py:218]: Stopping worker thread...
2025-06-10 18:45:36,584 [DEBUG] [Dummy-9] [qasync._windows._EventWorker/_windows.py:201]: Exiting thread
2025-06-10 18:45:36,588 [DEBUG] [MainThread] [qasync._windows._IocpProactor/_windows.py:75]: Closing
2025-06-10 18:45:37,937 [INFO] [MainThread] [root/log.py:59]: YASB v1.7.5
2025-06-10 18:45:37,937 [INFO] [Thread-1 (_run_server)] [cli_server/cli_server.py:212]: CLI server started v1.1.1
2025-06-10 18:45:37,937 [INFO] [MainThread] [cli_server/cli_server.py:104]: Log pipe server started
2025-06-10 18:45:38,209 [DEBUG] [MainThread] [tzlocal/win32.py:55]: Looking up time zone info from registry
2025-06-10 18:45:38,895 [DEBUG] [MainThread] [comtypes/__init__.py:149]: CoInitializeEx(None, 2)
2025-06-10 18:45:39,973 [INFO] [MainThread] [root/bar_manager.py:67]: Starting SystemEventListener...
2025-06-10 18:45:39,973 [INFO] [MainThread] [root/bar_manager.py:67]: Starting KomorebiEventListener...
2025-06-10 18:45:39,973 [INFO] [MainThread] [root/watcher.py:55]: Created file watcher for path C:\Users\ACER\.config\yasb
2025-06-10 18:45:39,974 [INFO] [Dummy-6] [root/event_listener.py:53]: Created named pipe yasb-0ce7e907-45e8-11f0-94d0-bf687de2f666
2025-06-10 18:45:40,051 [DEBUG] [MainThread] [qasync._windows._EventPoller/_windows.py:213]: Starting (proactor: <_IocpProactor overlapped#=0 result#=0>)...
2025-06-10 18:45:40,051 [DEBUG] [Dummy-9] [qasync._windows._EventWorker/_windows.py:192]: Thread started
2025-06-10 18:45:40,093 [INFO] [Dummy-6] [root/event_listener.py:127]: Komorebi connected to named pipe: yasb-0ce7e907-45e8-11f0-94d0-bf687de2f666
2025-06-10 18:45:40,227 [INFO] [MainThread] [root/weather.py:67]: Fetching new weather data at 2025-06-10 18:45:40.227949
2025-06-10 19:13:41,512 [ERROR] [MainThread] [root/weather.py:77]: Weather response error: HostNotFoundError 3.
2025-06-10 19:13:41,513 [WARNING] [MainThread] [root/weather.py:544]: Error processing weather data: Weather data is empty.. Retrying fetch in 10 seconds.
2025-06-10 19:13:51,816 [INFO] [MainThread] [root/weather.py:67]: Fetching new weather data at 2025-06-10 19:13:51.816118
2025-06-10 19:16:45,526 [INFO] [MainThread] [root/controller.py:13]: Reloading Application because of config change.
2025-06-10 19:16:45,629 [INFO] [MainThread] [cli_server/cli_server.py:112]: Log pipe server stopped
2025-06-10 19:16:45,629 [DEBUG] [MainThread] [cli_server/cli_server.py:206]: CLI server stopped
2025-06-10 19:16:45,667 [INFO] [MainThread] [root/bar_manager.py:58]: Successfully loaded updated config and re-initialised all bars.
2025-06-10 19:16:45,667 [DEBUG] [MainThread] [qasync._windows._EventPoller/_windows.py:218]: Stopping worker thread...
2025-06-10 19:16:45,675 [DEBUG] [Dummy-9] [qasync._windows._EventWorker/_windows.py:201]: Exiting thread
2025-06-10 19:16:45,677 [DEBUG] [MainThread] [qasync._windows._IocpProactor/_windows.py:75]: Closing
2025-06-10 19:16:47,234 [INFO] [MainThread] [root/log.py:59]: YASB v1.7.5
2025-06-10 19:16:47,236 [INFO] [Thread-1 (_run_server)] [cli_server/cli_server.py:212]: CLI server started v1.1.1
2025-06-10 19:16:47,236 [INFO] [MainThread] [cli_server/cli_server.py:104]: Log pipe server started
2025-06-10 19:16:47,539 [DEBUG] [MainThread] [tzlocal/win32.py:55]: Looking up time zone info from registry
2025-06-10 19:16:48,267 [DEBUG] [MainThread] [comtypes/__init__.py:149]: CoInitializeEx(None, 2)
2025-06-10 19:16:49,000 [INFO] [MainThread] [root/bar_manager.py:67]: Starting SystemEventListener...
2025-06-10 19:16:49,001 [INFO] [MainThread] [root/bar_manager.py:67]: Starting KomorebiEventListener...
2025-06-10 19:16:49,001 [INFO] [MainThread] [root/watcher.py:55]: Created file watcher for path C:\Users\ACER\.config\yasb
2025-06-10 19:16:49,003 [INFO] [Dummy-6] [root/event_listener.py:53]: Created named pipe yasb-66eee4bf-45ec-11f0-ad85-bf687de2f666
2025-06-10 19:16:49,078 [DEBUG] [MainThread] [qasync._windows._EventPoller/_windows.py:213]: Starting (proactor: <_IocpProactor overlapped#=0 result#=0>)...
2025-06-10 19:16:49,080 [DEBUG] [Dummy-9] [qasync._windows._EventWorker/_windows.py:192]: Thread started
2025-06-10 19:16:49,129 [INFO] [Dummy-6] [root/event_listener.py:127]: Komorebi connected to named pipe: yasb-66eee4bf-45ec-11f0-ad85-bf687de2f666
2025-06-10 19:16:49,245 [INFO] [MainThread] [root/weather.py:67]: Fetching new weather data at 2025-06-10 19:16:49.245670
2025-06-10 19:17:16,960 [INFO] [MainThread] [root/controller.py:13]: Reloading Application because of config change.
2025-06-10 19:17:17,066 [INFO] [MainThread] [cli_server/cli_server.py:112]: Log pipe server stopped
2025-06-10 19:17:17,066 [DEBUG] [MainThread] [cli_server/cli_server.py:206]: CLI server stopped
2025-06-10 19:17:17,080 [INFO] [MainThread] [root/bar_manager.py:58]: Successfully loaded updated config and re-initialised all bars.
2025-06-10 19:17:17,082 [DEBUG] [MainThread] [qasync._windows._EventPoller/_windows.py:218]: Stopping worker thread...
2025-06-10 19:17:17,097 [DEBUG] [Dummy-9] [qasync._windows._EventWorker/_windows.py:201]: Exiting thread
2025-06-10 19:17:17,099 [DEBUG] [MainThread] [qasync._windows._IocpProactor/_windows.py:75]: Closing
2025-06-10 19:17:17,144 [ERROR] [Dummy-6] [root/event_service.py:30]: Failed to emit signal <bound PYQT_SIGNAL k_signal_update of WorkspaceWidget object at 0x0000022A79269BD0>. Removing link to KomorebiEvent.KomorebiUpdate.
2025-06-10 19:17:18,667 [INFO] [MainThread] [root/log.py:59]: YASB v1.7.5
2025-06-10 19:17:18,668 [INFO] [Thread-1 (_run_server)] [cli_server/cli_server.py:212]: CLI server started v1.1.1
2025-06-10 19:17:18,669 [INFO] [MainThread] [cli_server/cli_server.py:104]: Log pipe server started
2025-06-10 19:17:18,937 [DEBUG] [MainThread] [tzlocal/win32.py:55]: Looking up time zone info from registry
2025-06-10 19:17:19,617 [DEBUG] [MainThread] [comtypes/__init__.py:149]: CoInitializeEx(None, 2)
2025-06-10 19:17:20,808 [INFO] [MainThread] [root/bar_manager.py:67]: Starting KomorebiEventListener...
2025-06-10 19:17:20,809 [INFO] [MainThread] [root/bar_manager.py:67]: Starting SystemEventListener...
2025-06-10 19:17:20,809 [INFO] [MainThread] [root/watcher.py:55]: Created file watcher for path C:\Users\ACER\.config\yasb
2025-06-10 19:17:20,816 [INFO] [Dummy-6] [root/event_listener.py:53]: Created named pipe yasb-79e45ae5-45ec-11f0-acd5-bf687de2f666
2025-06-10 19:17:20,879 [DEBUG] [MainThread] [qasync._windows._EventPoller/_windows.py:213]: Starting (proactor: <_IocpProactor overlapped#=0 result#=0>)...
2025-06-10 19:17:20,880 [DEBUG] [Dummy-9] [qasync._windows._EventWorker/_windows.py:192]: Thread started
2025-06-10 19:17:20,926 [INFO] [Dummy-6] [root/event_listener.py:127]: Komorebi connected to named pipe: yasb-79e45ae5-45ec-11f0-acd5-bf687de2f666
2025-06-10 19:17:21,160 [INFO] [MainThread] [root/weather.py:67]: Fetching new weather data at 2025-06-10 19:17:21.160489
2025-06-10 19:18:35,679 [INFO] [MainThread] [root/controller.py:13]: Reloading Application because of config change.
2025-06-10 19:18:35,782 [INFO] [MainThread] [cli_server/cli_server.py:112]: Log pipe server stopped
2025-06-10 19:18:35,782 [DEBUG] [MainThread] [cli_server/cli_server.py:206]: CLI server stopped
2025-06-10 19:18:35,798 [INFO] [MainThread] [root/bar_manager.py:58]: Successfully loaded updated config and re-initialised all bars.
2025-06-10 19:18:35,798 [DEBUG] [MainThread] [qasync._windows._EventPoller/_windows.py:218]: Stopping worker thread...
2025-06-10 19:18:35,812 [DEBUG] [Dummy-9] [qasync._windows._EventWorker/_windows.py:201]: Exiting thread
2025-06-10 19:18:35,813 [DEBUG] [MainThread] [qasync._windows._IocpProactor/_windows.py:75]: Closing
2025-06-10 19:18:37,329 [INFO] [MainThread] [root/log.py:59]: YASB v1.7.5
2025-06-10 19:18:37,331 [INFO] [Thread-1 (_run_server)] [cli_server/cli_server.py:212]: CLI server started v1.1.1
2025-06-10 19:18:37,331 [INFO] [MainThread] [cli_server/cli_server.py:104]: Log pipe server started
2025-06-10 19:18:37,627 [DEBUG] [MainThread] [tzlocal/win32.py:55]: Looking up time zone info from registry
2025-06-10 19:18:38,295 [DEBUG] [MainThread] [comtypes/__init__.py:149]: CoInitializeEx(None, 2)
2025-06-10 19:18:39,483 [INFO] [MainThread] [root/bar_manager.py:67]: Starting KomorebiEventListener...
2025-06-10 19:18:39,485 [INFO] [MainThread] [root/bar_manager.py:67]: Starting SystemEventListener...
2025-06-10 19:18:39,485 [INFO] [MainThread] [root/watcher.py:55]: Created file watcher for path C:\Users\ACER\.config\yasb
2025-06-10 19:18:39,486 [INFO] [Dummy-6] [root/event_listener.py:53]: Created named pipe yasb-a8c91ec7-45ec-11f0-80ee-bf687de2f666
2025-06-10 19:18:39,565 [DEBUG] [MainThread] [qasync._windows._EventPoller/_windows.py:213]: Starting (proactor: <_IocpProactor overlapped#=0 result#=0>)...
2025-06-10 19:18:39,567 [DEBUG] [Dummy-9] [qasync._windows._EventWorker/_windows.py:192]: Thread started
2025-06-10 19:18:39,616 [INFO] [Dummy-6] [root/event_listener.py:127]: Komorebi connected to named pipe: yasb-a8c91ec7-45ec-11f0-80ee-bf687de2f666
2025-06-10 19:18:39,757 [INFO] [MainThread] [root/weather.py:67]: Fetching new weather data at 2025-06-10 19:18:39.757384
2025-06-10 19:18:48,582 [INFO] [MainThread] [root/controller.py:13]: Reloading Application because of config change.
2025-06-10 19:18:48,697 [INFO] [MainThread] [cli_server/cli_server.py:112]: Log pipe server stopped
2025-06-10 19:18:48,697 [DEBUG] [MainThread] [cli_server/cli_server.py:206]: CLI server stopped
2025-06-10 19:18:48,712 [INFO] [MainThread] [root/bar_manager.py:58]: Successfully loaded updated config and re-initialised all bars.
2025-06-10 19:18:48,712 [DEBUG] [MainThread] [qasync._windows._EventPoller/_windows.py:218]: Stopping worker thread...
2025-06-10 19:18:48,728 [DEBUG] [Dummy-9] [qasync._windows._EventWorker/_windows.py:201]: Exiting thread
2025-06-10 19:18:48,729 [DEBUG] [MainThread] [qasync._windows._IocpProactor/_windows.py:75]: Closing
2025-06-10 19:18:48,759 [ERROR] [Dummy-11] [root/event_service.py:30]: Failed to emit signal <bound PYQT_SIGNAL window_name_change of ActiveWindowWidget object at 0x000001EF0B3B7610>. Removing link to WinEvent.EventObjectNameChange.
2025-06-10 19:18:50,375 [INFO] [MainThread] [root/log.py:59]: YASB v1.7.5
2025-06-10 19:18:50,375 [INFO] [Thread-1 (_run_server)] [cli_server/cli_server.py:212]: CLI server started v1.1.1
2025-06-10 19:18:50,375 [INFO] [MainThread] [cli_server/cli_server.py:104]: Log pipe server started
2025-06-10 19:18:50,653 [DEBUG] [MainThread] [tzlocal/win32.py:55]: Looking up time zone info from registry
2025-06-10 19:18:51,357 [DEBUG] [MainThread] [comtypes/__init__.py:149]: CoInitializeEx(None, 2)
2025-06-10 19:18:52,200 [INFO] [MainThread] [root/bar_manager.py:67]: Starting SystemEventListener...
2025-06-10 19:18:52,200 [INFO] [MainThread] [root/bar_manager.py:67]: Starting KomorebiEventListener...
2025-06-10 19:18:52,201 [INFO] [MainThread] [root/watcher.py:55]: Created file watcher for path C:\Users\ACER\.config\yasb
2025-06-10 19:18:52,203 [INFO] [Dummy-6] [root/event_listener.py:53]: Created named pipe yasb-b05db2c8-45ec-11f0-abc1-bf687de2f666
2025-06-10 19:18:52,287 [DEBUG] [MainThread] [qasync._windows._EventPoller/_windows.py:213]: Starting (proactor: <_IocpProactor overlapped#=0 result#=0>)...
2025-06-10 19:18:52,288 [DEBUG] [Dummy-9] [qasync._windows._EventWorker/_windows.py:192]: Thread started
2025-06-10 19:18:52,329 [INFO] [Dummy-6] [root/event_listener.py:127]: Komorebi connected to named pipe: yasb-b05db2c8-45ec-11f0-abc1-bf687de2f666
2025-06-10 19:18:52,468 [INFO] [MainThread] [root/weather.py:67]: Fetching new weather data at 2025-06-10 19:18:52.468189
2025-06-10 19:20:44,119 [INFO] [MainThread] [root/controller.py:13]: Reloading Application because of config change.
2025-06-10 19:20:44,222 [INFO] [MainThread] [cli_server/cli_server.py:112]: Log pipe server stopped
2025-06-10 19:20:44,222 [DEBUG] [MainThread] [cli_server/cli_server.py:206]: CLI server stopped
2025-06-10 19:20:44,236 [INFO] [MainThread] [root/bar_manager.py:58]: Successfully loaded updated config and re-initialised all bars.
2025-06-10 19:20:44,236 [DEBUG] [MainThread] [qasync._windows._EventPoller/_windows.py:218]: Stopping worker thread...
2025-06-10 19:20:44,237 [DEBUG] [Dummy-9] [qasync._windows._EventWorker/_windows.py:201]: Exiting thread
2025-06-10 19:20:44,238 [DEBUG] [MainThread] [qasync._windows._IocpProactor/_windows.py:75]: Closing
2025-06-10 19:20:45,829 [INFO] [MainThread] [root/log.py:59]: YASB v1.7.5
2025-06-10 19:20:45,831 [INFO] [Thread-1 (_run_server)] [cli_server/cli_server.py:212]: CLI server started v1.1.1
2025-06-10 19:20:45,832 [INFO] [MainThread] [cli_server/cli_server.py:104]: Log pipe server started
2025-06-10 19:20:46,100 [DEBUG] [MainThread] [tzlocal/win32.py:55]: Looking up time zone info from registry
2025-06-10 19:20:46,782 [DEBUG] [MainThread] [comtypes/__init__.py:149]: CoInitializeEx(None, 2)
2025-06-10 19:20:47,970 [INFO] [MainThread] [root/bar_manager.py:67]: Starting KomorebiEventListener...
2025-06-10 19:20:47,971 [INFO] [MainThread] [root/bar_manager.py:67]: Starting SystemEventListener...
2025-06-10 19:20:47,971 [INFO] [MainThread] [root/watcher.py:55]: Created file watcher for path C:\Users\ACER\.config\yasb
2025-06-10 19:20:47,980 [INFO] [Dummy-6] [root/event_listener.py:53]: Created named pipe yasb-f55e9b0a-45ec-11f0-b216-bf687de2f666
2025-06-10 19:20:48,039 [DEBUG] [MainThread] [qasync._windows._EventPoller/_windows.py:213]: Starting (proactor: <_IocpProactor overlapped#=0 result#=0>)...
2025-06-10 19:20:48,048 [DEBUG] [Dummy-9] [qasync._windows._EventWorker/_windows.py:192]: Thread started
2025-06-10 19:20:48,087 [INFO] [Dummy-6] [root/event_listener.py:127]: Komorebi connected to named pipe: yasb-f55e9b0a-45ec-11f0-b216-bf687de2f666
2025-06-10 19:20:48,380 [INFO] [MainThread] [root/weather.py:67]: Fetching new weather data at 2025-06-10 19:20:48.380909
2025-06-10 20:31:41,591 [INFO] [MainThread] [root/log.py:59]: YASB v1.7.5
2025-06-10 20:31:41,598 [INFO] [Thread-1 (_run_server)] [cli_server/cli_server.py:212]: CLI server started v1.1.1
2025-06-10 20:31:41,599 [INFO] [MainThread] [cli_server/cli_server.py:104]: Log pipe server started
2025-06-10 20:31:42,378 [DEBUG] [MainThread] [tzlocal/win32.py:55]: Looking up time zone info from registry
2025-06-10 20:31:45,855 [DEBUG] [MainThread] [comtypes/__init__.py:149]: CoInitializeEx(None, 2)
2025-06-10 20:31:47,207 [INFO] [MainThread] [root/bar_manager.py:67]: Starting SystemEventListener...
2025-06-10 20:31:47,208 [INFO] [MainThread] [root/bar_manager.py:67]: Starting KomorebiEventListener...
2025-06-10 20:31:47,208 [INFO] [MainThread] [root/watcher.py:55]: Created file watcher for path C:\Users\ACER\.config\yasb
2025-06-10 20:31:47,210 [INFO] [Dummy-6] [root/event_listener.py:53]: Created named pipe yasb-e012c3dd-45f6-11f0-b002-c5cb936bcfff
2025-06-10 20:31:47,319 [DEBUG] [MainThread] [qasync._windows._EventPoller/_windows.py:213]: Starting (proactor: <_IocpProactor overlapped#=0 result#=0>)...
2025-06-10 20:31:47,320 [DEBUG] [Dummy-9] [qasync._windows._EventWorker/_windows.py:192]: Thread started
2025-06-10 20:31:47,356 [INFO] [Dummy-6] [root/event_listener.py:127]: Komorebi connected to named pipe: yasb-e012c3dd-45f6-11f0-b002-c5cb936bcfff
2025-06-10 20:31:47,647 [INFO] [MainThread] [root/weather.py:67]: Fetching new weather data at 2025-06-10 20:31:47.647554
2025-06-10 20:32:08,747 [INFO] [MainThread] [root/controller.py:28]: Exiting Application from tray...
2025-06-10 20:32:08,861 [INFO] [MainThread] [cli_server/cli_server.py:112]: Log pipe server stopped
2025-06-10 20:32:08,862 [DEBUG] [MainThread] [cli_server/cli_server.py:206]: CLI server stopped
2025-06-10 20:32:08,867 [DEBUG] [MainThread] [qasync._windows._EventPoller/_windows.py:218]: Stopping worker thread...
2025-06-10 20:32:08,878 [DEBUG] [Dummy-9] [qasync._windows._EventWorker/_windows.py:201]: Exiting thread
2025-06-10 20:32:08,879 [DEBUG] [MainThread] [qasync._windows._IocpProactor/_windows.py:75]: Closing
2025-06-10 20:32:46,120 [INFO] [MainThread] [root/log.py:59]: YASB v1.7.5
2025-06-10 20:32:46,121 [INFO] [Thread-1 (_run_server)] [cli_server/cli_server.py:212]: CLI server started v1.1.1
2025-06-10 20:32:46,122 [INFO] [MainThread] [cli_server/cli_server.py:104]: Log pipe server started
2025-06-10 20:32:46,765 [DEBUG] [MainThread] [tzlocal/win32.py:55]: Looking up time zone info from registry
2025-06-10 20:32:48,364 [DEBUG] [MainThread] [comtypes/__init__.py:149]: CoInitializeEx(None, 2)
2025-06-10 20:32:49,554 [INFO] [MainThread] [root/bar_manager.py:67]: Starting SystemEventListener...
2025-06-10 20:32:49,555 [INFO] [MainThread] [root/bar_manager.py:67]: Starting KomorebiEventListener...
2025-06-10 20:32:49,555 [INFO] [MainThread] [root/watcher.py:55]: Created file watcher for path C:\Users\ACER\.config\yasb
2025-06-10 20:32:49,556 [INFO] [Dummy-6] [root/event_listener.py:53]: Created named pipe yasb-053c2b32-45f7-11f0-8fd7-c5cb936bcfff
2025-06-10 20:32:49,620 [DEBUG] [MainThread] [qasync._windows._EventPoller/_windows.py:213]: Starting (proactor: <_IocpProactor overlapped#=0 result#=0>)...
2025-06-10 20:32:49,622 [DEBUG] [Dummy-9] [qasync._windows._EventWorker/_windows.py:192]: Thread started
2025-06-10 20:32:49,659 [INFO] [Dummy-6] [root/event_listener.py:127]: Komorebi connected to named pipe: yasb-053c2b32-45f7-11f0-8fd7-c5cb936bcfff
2025-06-10 20:32:49,819 [INFO] [MainThread] [root/weather.py:67]: Fetching new weather data at 2025-06-10 20:32:49.819750
2025-06-10 20:36:32,856 [INFO] [MainThread] [root/controller.py:13]: Reloading Application from tray...
2025-06-10 20:36:32,958 [INFO] [MainThread] [cli_server/cli_server.py:112]: Log pipe server stopped
2025-06-10 20:36:32,958 [DEBUG] [MainThread] [cli_server/cli_server.py:206]: CLI server stopped
2025-06-10 20:36:32,997 [DEBUG] [MainThread] [qasync._windows._EventPoller/_windows.py:218]: Stopping worker thread...
2025-06-10 20:36:33,004 [DEBUG] [Dummy-9] [qasync._windows._EventWorker/_windows.py:201]: Exiting thread
2025-06-10 20:36:33,004 [DEBUG] [MainThread] [qasync._windows._IocpProactor/_windows.py:75]: Closing
2025-06-10 20:36:34,360 [INFO] [MainThread] [root/log.py:59]: YASB v1.7.5
2025-06-10 20:36:34,360 [INFO] [Thread-1 (_run_server)] [cli_server/cli_server.py:212]: CLI server started v1.1.1
2025-06-10 20:36:34,362 [INFO] [MainThread] [cli_server/cli_server.py:104]: Log pipe server started
2025-06-10 20:36:34,626 [DEBUG] [MainThread] [tzlocal/win32.py:55]: Looking up time zone info from registry
2025-06-10 20:36:35,253 [DEBUG] [MainThread] [comtypes/__init__.py:149]: CoInitializeEx(None, 2)
2025-06-10 20:36:36,345 [INFO] [MainThread] [root/bar_manager.py:67]: Starting KomorebiEventListener...
2025-06-10 20:36:36,345 [INFO] [MainThread] [root/bar_manager.py:67]: Starting SystemEventListener...
2025-06-10 20:36:36,345 [INFO] [MainThread] [root/watcher.py:55]: Created file watcher for path C:\Users\ACER\.config\yasb
2025-06-10 20:36:36,347 [INFO] [Dummy-6] [root/event_listener.py:53]: Created named pipe yasb-8c698803-45f7-11f0-aa1c-c5cb936bcfff
2025-06-10 20:36:36,403 [DEBUG] [MainThread] [qasync._windows._EventPoller/_windows.py:213]: Starting (proactor: <_IocpProactor overlapped#=0 result#=0>)...
2025-06-10 20:36:36,406 [DEBUG] [Dummy-9] [qasync._windows._EventWorker/_windows.py:192]: Thread started
2025-06-10 20:36:36,448 [INFO] [Dummy-6] [root/event_listener.py:127]: Komorebi connected to named pipe: yasb-8c698803-45f7-11f0-aa1c-c5cb936bcfff
2025-06-10 20:36:36,769 [INFO] [MainThread] [root/weather.py:67]: Fetching new weather data at 2025-06-10 20:36:36.769828
2025-06-10 20:46:35,048 [INFO] [MainThread] [root/weather.py:67]: Fetching new weather data at 2025-06-10 20:46:35.047440
